***** Format Files ******
copy file:/crex/proj/lappalainen_lab1/users/marii/srp_2023/DRD1/sp/sp.pdb
***** End Format Files ******
***** JET analysis ******
Alignment file:/crex/proj/lappalainen_lab1/users/marii/srp_2023/DRD1/sp/sp_A.fasta
Analysis of sequence: A
format ok
Selected 1362 sequences before filtering
Filtering sequences (Iteration 1):
  -Identity: Removed 0 seqs
  -Redundancy: Removed 0 seqs
  -Similar names: Removed 0 seqs
  -Gaps: Removed 0 seqs
  -Length: Removed 0 seqs
  -EValue: Removed 0 seqs
  -CPU Load: Removed 0 seqs
Selected 1362 after filtering
Filtering sequences (Iteration 2):
  -Identity: Removed 1311 seqs
  -Redundancy: Removed 0 seqs
  -Similar names: Removed 0 seqs
  -Gaps: Removed 0 seqs
  -Length: Removed 0 seqs
  -EValue: Removed 0 seqs
  -CPU Load: Removed 0 seqs
Selected 51 after filtering
Nb alignments:10 Nb sequences:10
Final iterated blast partition:31 3 15 2
proportion=0.5
selected partition: 5 1 3 1
**********write**********
Command: /usr/local/bin/muscle3.8.31_i86linux64 -in /crex/proj/lappalainen_lab1/users/marii/srp_2023/DRD1/sp/sp_0.fasta -clw -out /crex/proj/lappalainen_lab1/users/marii/srp_2023/DRD1/sp/sp_0.aln
**********write**********
Command: /usr/local/bin/muscle3.8.31_i86linux64 -in /crex/proj/lappalainen_lab1/users/marii/srp_2023/DRD1/sp/sp_1.fasta -clw -out /crex/proj/lappalainen_lab1/users/marii/srp_2023/DRD1/sp/sp_1.aln
**********write**********
Command: /usr/local/bin/muscle3.8.31_i86linux64 -in /crex/proj/lappalainen_lab1/users/marii/srp_2023/DRD1/sp/sp_2.fasta -clw -out /crex/proj/lappalainen_lab1/users/marii/srp_2023/DRD1/sp/sp_2.aln
**********write**********
Command: /usr/local/bin/muscle3.8.31_i86linux64 -in /crex/proj/lappalainen_lab1/users/marii/srp_2023/DRD1/sp/sp_3.fasta -clw -out /crex/proj/lappalainen_lab1/users/marii/srp_2023/DRD1/sp/sp_3.aln
**********write**********
Command: /usr/local/bin/muscle3.8.31_i86linux64 -in /crex/proj/lappalainen_lab1/users/marii/srp_2023/DRD1/sp/sp_4.fasta -clw -out /crex/proj/lappalainen_lab1/users/marii/srp_2023/DRD1/sp/sp_4.aln
**********write**********
Command: /usr/local/bin/muscle3.8.31_i86linux64 -in /crex/proj/lappalainen_lab1/users/marii/srp_2023/DRD1/sp/sp_5.fasta -clw -out /crex/proj/lappalainen_lab1/users/marii/srp_2023/DRD1/sp/sp_5.aln
**********write**********
Command: /usr/local/bin/muscle3.8.31_i86linux64 -in /crex/proj/lappalainen_lab1/users/marii/srp_2023/DRD1/sp/sp_6.fasta -clw -out /crex/proj/lappalainen_lab1/users/marii/srp_2023/DRD1/sp/sp_6.aln
**********write**********
Command: /usr/local/bin/muscle3.8.31_i86linux64 -in /crex/proj/lappalainen_lab1/users/marii/srp_2023/DRD1/sp/sp_7.fasta -clw -out /crex/proj/lappalainen_lab1/users/marii/srp_2023/DRD1/sp/sp_7.aln
**********write**********
Command: /usr/local/bin/muscle3.8.31_i86linux64 -in /crex/proj/lappalainen_lab1/users/marii/srp_2023/DRD1/sp/sp_8.fasta -clw -out /crex/proj/lappalainen_lab1/users/marii/srp_2023/DRD1/sp/sp_8.aln
**********write**********
Command: /usr/local/bin/muscle3.8.31_i86linux64 -in /crex/proj/lappalainen_lab1/users/marii/srp_2023/DRD1/sp/sp_9.fasta -clw -out /crex/proj/lappalainen_lab1/users/marii/srp_2023/DRD1/sp/sp_9.aln

Unable to generate tree with /opt/JET2/matrix/blosum62 matrix for alignment 0
Trying to generate tree with /opt/JET2/matrix/gonnet matrix
Unable to generate tree with /opt/JET2/matrix/gonnet matrix for alignment 0
Trying to generate tree with /opt/JET2/matrix/hsdm matrix
Unable to generate tree with /opt/JET2/matrix/hsdm matrix for alignment 0
nb bad Alignement :1
Unable to generate tree with /opt/JET2/matrix/blosum62 matrix for alignment 1
Trying to generate tree with /opt/JET2/matrix/gonnet matrix
Unable to generate tree with /opt/JET2/matrix/gonnet matrix for alignment 1
Trying to generate tree with /opt/JET2/matrix/hsdm matrix
Unable to generate tree with /opt/JET2/matrix/hsdm matrix for alignment 1
nb bad Alignement :2
Unable to generate tree with /opt/JET2/matrix/blosum62 matrix for alignment 2
Trying to generate tree with /opt/JET2/matrix/gonnet matrix
Unable to generate tree with /opt/JET2/matrix/gonnet matrix for alignment 2
Trying to generate tree with /opt/JET2/matrix/hsdm matrix
Unable to generate tree with /opt/JET2/matrix/hsdm matrix for alignment 2
nb bad Alignement :3
Unable to generate tree with /opt/JET2/matrix/blosum62 matrix for alignment 3
Trying to generate tree with /opt/JET2/matrix/gonnet matrix
Unable to generate tree with /opt/JET2/matrix/gonnet matrix for alignment 3
Trying to generate tree with /opt/JET2/matrix/hsdm matrix
Unable to generate tree with /opt/JET2/matrix/hsdm matrix for alignment 3
nb bad Alignement :4
Unable to generate tree with /opt/JET2/matrix/blosum62 matrix for alignment 4
Trying to generate tree with /opt/JET2/matrix/gonnet matrix
Unable to generate tree with /opt/JET2/matrix/gonnet matrix for alignment 4
Trying to generate tree with /opt/JET2/matrix/hsdm matrix
Unable to generate tree with /opt/JET2/matrix/hsdm matrix for alignment 4
nb bad Alignement :5
Unable to generate tree with /opt/JET2/matrix/blosum62 matrix for alignment 5
Trying to generate tree with /opt/JET2/matrix/gonnet matrix
Unable to generate tree with /opt/JET2/matrix/gonnet matrix for alignment 5
Trying to generate tree with /opt/JET2/matrix/hsdm matrix
Unable to generate tree with /opt/JET2/matrix/hsdm matrix for alignment 5
nb bad Alignement :6
Unable to generate tree with /opt/JET2/matrix/blosum62 matrix for alignment 6
Trying to generate tree with /opt/JET2/matrix/gonnet matrix
Unable to generate tree with /opt/JET2/matrix/gonnet matrix for alignment 6
Trying to generate tree with /opt/JET2/matrix/hsdm matrix
Unable to generate tree with /opt/JET2/matrix/hsdm matrix for alignment 6
nb bad Alignement :7
Sequence A will not be analysed
Unable to analyse A
***** End JET analysis ******
