
output path : /var/www/GEMME/jobs/2FmbcOls/sp doesn't exists !
Creating output path: /var/www/GEMME/jobs/2FmbcOls/sp

******** basic JET ***********
J
******** Iterative JET ***********
******** generate PDB Results ***********
******** End generate PDB Results ***********
[1] "running independent model..."
[1] "done"
[1] "running global epistatic model..."
[1] "done"
[1] "running combined model..."
[1] "done"
[1] "generating the plots..."
                           1% 
0.0000000 1.0000000 0.7999407 
                 1%           
-2.000000  4.733377  8.000000 
             1%         
-1.0000  4.9745  7.0000 
[1] "done"
query protein: sp
computing conservation levels...
20000
java -Xmx1000m -cp $JET_PATH:$JET_PATH/jet/extLibs/vecmath.jar jet.JET -c default.conf -i sp.pdb -o `pwd` -p J -r input -f sp_A.fasta -d chain -n 2 > sp.out
done
Rscript --save $GEMME_PATH/computePred.R sp DRD1_1e-3ali.fasta TRUE none
