
output path : /var/www/GEMME/jobs/lEsc56Y5/sp doesn't exists !
Creating output path: /var/www/GEMME/jobs/lEsc56Y5/sp

******** basic JET ***********
J
******** Iterative JET ***********
******** generate PDB Results ***********
******** End generate PDB Results ***********
[1] "running independent model..."
[1] "done"
[1] "running global epistatic model..."
[1] "done"
[1] "running combined model..."
[1] "done"
[1] "generating the plots..."
                           1% 
0.0000000 1.0000000 0.9128251 
                 1%           
-2.000000  5.510679  7.000000 
                 1%           
-1.000000  5.502517  7.000000 
[1] "done"
query protein: sp
computing conservation levels...
20000
java -Xmx1000m -cp $JET_PATH:$JET_PATH/jet/extLibs/vecmath.jar jet.JET -c default.conf -i sp.pdb -o `pwd` -p J -r input -f sp_A.fasta -d chain -n 2 > sp.out
done
Rscript --save $GEMME_PATH/computePred.R sp DRD1_1e-6ali.fasta TRUE none
