
output path : /var/www/GEMME/jobs/fgEB0o1w/sp doesn't exists !
Creating output path: /var/www/GEMME/jobs/fgEB0o1w/sp

******** basic JET ***********
J
******** Iterative JET ***********
******** generate PDB Results ***********
******** End generate PDB Results ***********
[1] "running independent model..."
[1] "done"
[1] "running global epistatic model..."
[1] "done"
[1] "running combined model..."
[1] "done"
[1] "generating the plots..."
                           1% 
0.0000000 1.0000000 0.4140876 
                 1%           
-1.000000  4.274655  7.000000 
               1%          
-1.00000  3.04805  7.00000 
[1] "done"
query protein: sp
computing conservation levels...
20000
java -Xmx1000m -cp $JET_PATH:$JET_PATH/jet/extLibs/vecmath.jar jet.JET -c default.conf -i sp.pdb -o `pwd` -p J -r input -f sp_A.fasta -d chain -n 2 > sp.out
done
Rscript --save $GEMME_PATH/computePred.R sp DRD2_1e-10ali.fasta TRUE none
